  Transform.cpp
  Roland.cpp
  ResourcesManager.cpp
d:\repositoriogithub\roland\roland\roland\resourcesmanager.h(11): error C2065: 'Resource': undeclared identifier
d:\repositoriogithub\roland\roland\roland\resourcesmanager.h(11): error C2923: 'std::vector': 'Resource' is not a valid template type argument for parameter '_Ty'
d:\repositoriogithub\roland\roland\roland\resourcesmanager.h(11): error C3203: 'allocator': unspecialized class template can't be used as a template argument for template parameter '_Alloc', expected a real type
d:\repositoriogithub\roland\roland\roland\resourcesmanager.h(12): error C2143: syntax error: missing ';' before '*'
d:\repositoriogithub\roland\roland\roland\resourcesmanager.h(12): error C4430: missing type specifier - int assumed. Note: C++ does not support default-int
d:\repositoriogithub\roland\roland\roland\resourcesmanager.h(12): error C2238: unexpected token(s) preceding ';'
d:\repositoriogithub\roland\roland\roland\resourcesmanager.cpp(5): error C2512: 'std::vector': no appropriate default constructor available
  c:\program files (x86)\microsoft visual studio 14.0\vc\include\vector(679): note: see declaration of 'std::vector'
d:\repositoriogithub\roland\roland\roland\resourcesmanager.cpp(12): error C2039: 'GetResource': is not a member of 'ResourcesManager'
  d:\repositoriogithub\roland\roland\roland\resourcesmanager.h(6): note: see declaration of 'ResourcesManager'
d:\repositoriogithub\roland\roland\roland\resourcesmanager.cpp(14): error C2065: 'c_resources': undeclared identifier
d:\repositoriogithub\roland\roland\roland\resourcesmanager.cpp(14): error C2228: left of '.size' must have class/struct/union
  d:\repositoriogithub\roland\roland\roland\resourcesmanager.cpp(14): note: type is 'unknown-type'
d:\repositoriogithub\roland\roland\roland\resourcesmanager.cpp(16): error C2065: 'c_resources': undeclared identifier
d:\repositoriogithub\roland\roland\roland\resourcesmanager.cpp(16): error C2228: left of '.GetName' must have class/struct/union
d:\repositoriogithub\roland\roland\roland\resourcesmanager.cpp(17): error C2065: 'c_resources': undeclared identifier
d:\repositoriogithub\roland\roland\roland\resourcesmanager.cpp(22): error C2065: 'c_resources': undeclared identifier
d:\repositoriogithub\roland\roland\roland\resourcesmanager.cpp(22): error C2228: left of '.push_back' must have class/struct/union
  d:\repositoriogithub\roland\roland\roland\resourcesmanager.cpp(22): note: type is 'unknown-type'
  Resource.cpp
  OpenGLEngine.cpp
d:\repositoriogithub\roland\roland\roland\openglengine.cpp(187): error C3158: 'CreateNode': 'override' can only be applied to a virtual member function
d:\repositoriogithub\roland\roland\roland\openglengine.cpp(187): error C2575: 'CreateNode': only member functions and bases can be virtual
d:\repositoriogithub\roland\roland\roland\openglengine.cpp(188): error C3158: 'CreateTransform': 'override' can only be applied to a virtual member function
d:\repositoriogithub\roland\roland\roland\openglengine.cpp(188): error C2575: 'CreateTransform': only member functions and bases can be virtual
d:\repositoriogithub\roland\roland\roland\openglengine.cpp(189): error C3158: 'CreateCamera': 'override' can only be applied to a virtual member function
d:\repositoriogithub\roland\roland\roland\openglengine.cpp(189): error C2575: 'CreateCamera': only member functions and bases can be virtual
d:\repositoriogithub\roland\roland\roland\openglengine.cpp(190): error C3158: 'CreateLight': 'override' can only be applied to a virtual member function
d:\repositoriogithub\roland\roland\roland\openglengine.cpp(190): error C2575: 'CreateLight': only member functions and bases can be virtual
  Node.cpp
d:\repositoriogithub\roland\roland\roland\node.cpp(22): error C2561: 'Node::RemoveChildren': function must return a value
  d:\repositoriogithub\roland\roland\roland\node.cpp(19): note: see declaration of 'Node::RemoveChildren'
d:\repositoriogithub\roland\roland\roland\node.cpp(24): error C3867: 'std::vector<Node *,std::allocator<_Ty>>::size': non-standard syntax; use '&' to create a pointer to member
          with
          [
              _Ty=Node *
          ]
d:\repositoriogithub\roland\roland\roland\node.cpp(24): error C2446: '<': no conversion from 'unsigned int (__thiscall std::vector<Node *,std::allocator<_Ty>>::* )(void) noexcept const' to 'std::size_t'
          with
          [
              _Ty=Node *
          ]
  d:\repositoriogithub\roland\roland\roland\node.cpp(24): note: There is no context in which this conversion is possible
d:\repositoriogithub\roland\roland\roland\node.cpp(61): error C3867: 'std::vector<Node *,std::allocator<_Ty>>::size': non-standard syntax; use '&' to create a pointer to member
          with
          [
              _Ty=Node *
          ]
d:\repositoriogithub\roland\roland\roland\node.cpp(61): error C2446: '<': no conversion from 'unsigned int (__thiscall std::vector<Node *,std::allocator<_Ty>>::* )(void) noexcept const' to 'std::size_t'
          with
          [
              _Ty=Node *
          ]
  d:\repositoriogithub\roland\roland\roland\node.cpp(61): note: There is no context in which this conversion is possible
  MeshResource.cpp
  Mesh.cpp
  Matrix4x4.cpp
  Light.cpp
  Camera.cpp
  Generating Code...
  Compiling...
  Main.cpp
d:\repositoriogithub\roland\roland\roland\main.cpp(5): error C2664: 'Roland::Roland(const Roland &)': cannot convert argument 1 from 'Rol::RenderEngines' to 'const Roland &'
  d:\repositoriogithub\roland\roland\roland\main.cpp(5): note: Reason: cannot convert from 'Rol::RenderEngines' to 'const Roland'
  d:\repositoriogithub\roland\roland\roland\main.cpp(5): note: No user-defined-conversion operator available that can perform this conversion, or the operator cannot be called
d:\repositoriogithub\roland\roland\roland\main.cpp(6): error C2039: 'InitEngine': is not a member of 'Roland'
  d:\repositoriogithub\roland\roland\roland\roland.h(6): note: see declaration of 'Roland'
d:\repositoriogithub\roland\roland\roland\main.cpp(7): error C2039: 'StartRenderLoop': is not a member of 'Roland'
  d:\repositoriogithub\roland\roland\roland\roland.h(6): note: see declaration of 'Roland'
  Generating Code...
