d:\repositoriogithub\roland\roland\debug\vc140.pdb
d:\repositoriogithub\roland\roland\debug\vc140.idb
d:\repositoriogithub\roland\roland\debug\main.obj
d:\repositoriogithub\roland\roland\debug\node.obj
d:\repositoriogithub\roland\roland\debug\openglengine.obj
d:\repositoriogithub\roland\roland\debug\transform.obj
d:\repositoriogithub\roland\roland\debug\roland.obj
d:\repositoriogithub\roland\roland\debug\camera.obj
d:\repositoriogithub\roland\roland\debug\light.obj
d:\repositoriogithub\roland\roland\debug\mesh.obj
d:\repositoriogithub\roland\roland\debug\meshresource.obj
d:\repositoriogithub\roland\roland\debug\resource.obj
d:\repositoriogithub\roland\roland\debug\resourcesmanager.obj
d:\repositoriogithub\roland\roland\debug\meshopengldata.obj
d:\repositoriogithub\roland\roland\debug\shadersmanager.obj
d:\repositoriogithub\roland\roland\debug\openglimagedata.obj
d:\repositoriogithub\roland\roland\debug\image.obj
d:\repositoriogithub\roland\roland\debug\meshresourceopengl.obj
d:\repositoriogithub\roland\roland\debug\imeshresource.obj
d:\repositoriogithub\roland\roland\debug\iresource.obj
d:\repositoriogithub\roland\roland\debug\imageresourceopengl.obj
d:\repositoriogithub\roland\roland\debug\resourcesloaderopengl.obj
d:\repositoriogithub\roland\roland\debug\orthographiccamera.obj
d:\repositoriogithub\roland\roland\debug\perspectivecamera.obj
d:\repositoriogithub\roland\roland\debug\modelmatrix.obj
d:\repositoriogithub\roland\roland\debug\fpscamera.obj
d:\repositoriogithub\roland\roland\debug\inputhandler.obj
d:\repositoriogithub\roland\debug\roland.ilk
d:\repositoriogithub\roland\debug\roland.exe
d:\repositoriogithub\roland\debug\roland.pdb
d:\repositoriogithub\roland\roland\debug\iimagedata.obj
d:\repositoriogithub\roland\roland\debug\openglengine.obj.enc
d:\repositoriogithub\roland\roland\debug\resourcesloaderopengl.obj.enc
d:\repositoriogithub\roland\roland\debug\roland.tlog\cl.command.1.tlog
d:\repositoriogithub\roland\roland\debug\roland.tlog\cl.read.1.tlog
d:\repositoriogithub\roland\roland\debug\roland.tlog\cl.write.1.tlog
d:\repositoriogithub\roland\roland\debug\roland.tlog\link.command.1.tlog
d:\repositoriogithub\roland\roland\debug\roland.tlog\link.read.1.tlog
d:\repositoriogithub\roland\roland\debug\roland.tlog\link.write.1.tlog
