d:\repositoriogithub\roland\roland\release\vc140.pdb
d:\repositoriogithub\roland\roland\release\shadersmanager.obj
d:\repositoriogithub\roland\roland\release\roland.obj
d:\repositoriogithub\roland\roland\release\resourcesmanager.obj
d:\repositoriogithub\roland\roland\release\resourcesloaderopengl.obj
d:\repositoriogithub\roland\roland\release\perspectivecamera.obj
d:\repositoriogithub\roland\roland\release\orthographiccamera.obj
d:\repositoriogithub\roland\roland\release\iresource.obj
d:\repositoriogithub\roland\roland\release\openglengine.obj
d:\repositoriogithub\roland\roland\release\node.obj
d:\repositoriogithub\roland\roland\release\modelmatrix.obj
d:\repositoriogithub\roland\roland\release\meshresourceopengl.obj
d:\repositoriogithub\roland\roland\release\mesh.obj
d:\repositoriogithub\roland\roland\release\main.obj
d:\repositoriogithub\roland\roland\release\light.obj
d:\repositoriogithub\roland\roland\release\inputhandler.obj
d:\repositoriogithub\roland\roland\release\imageresourceopengl.obj
d:\repositoriogithub\roland\roland\release\image.obj
d:\repositoriogithub\roland\roland\release\fpscamera.obj
d:\repositoriogithub\roland\roland\release\camera.obj
d:\repositoriogithub\roland\roland\release\transform.obj
d:\repositoriogithub\roland\release\roland.exe
d:\repositoriogithub\roland\release\roland.ipdb
d:\repositoriogithub\roland\release\roland.iobj
d:\repositoriogithub\roland\release\roland.pdb
d:\repositoriogithub\roland\roland\release\roland.tlog\cl.command.1.tlog
d:\repositoriogithub\roland\roland\release\roland.tlog\cl.read.1.tlog
d:\repositoriogithub\roland\roland\release\roland.tlog\cl.write.1.tlog
d:\repositoriogithub\roland\roland\release\roland.tlog\link.command.1.tlog
d:\repositoriogithub\roland\roland\release\roland.tlog\link.read.1.tlog
d:\repositoriogithub\roland\roland\release\roland.tlog\link.write.1.tlog
